<?xml version="1.0" encoding="UTF-8"?>
<testng-results skipped="0" failed="0" ignored="0" total="4" passed="4">
  <reporter-output>
  </reporter-output>
  <suite name="Default suite" duration-ms="92878" started-at="2020-07-13T22:54:04 IST" finished-at="2020-07-13T22:55:37 IST">
    <groups>
    </groups>
    <test name="Default test" duration-ms="92878" started-at="2020-07-13T22:54:04 IST" finished-at="2020-07-13T22:55:37 IST">
      <class name="com.training.sanity.tests.AddMulProductWithDB">
        <test-method status="PASS" signature="setUpBeforeClass()[pri:0, instance:com.training.sanity.tests.AddMulProductWithDB@4f063c0a]" name="setUpBeforeClass" is-config="true" duration-ms="13" started-at="2020-07-13T22:54:04 IST" finished-at="2020-07-13T22:54:04 IST">
          <reporter-output>
          </reporter-output>
        </test-method> <!-- setUpBeforeClass -->
        <test-method status="PASS" signature="setUp()[pri:0, instance:com.training.sanity.tests.AddMulProductWithDB@4f063c0a]" name="setUp" is-config="true" duration-ms="13008" started-at="2020-07-13T22:54:05 IST" finished-at="2020-07-13T22:54:18 IST">
          <reporter-output>
          </reporter-output>
        </test-method> <!-- setUp -->
        <test-method status="PASS" signature="AddProduct(java.lang.String, java.lang.String, java.lang.String, java.lang.String, java.lang.String, java.lang.String, java.lang.String, java.lang.String)[pri:0, instance:com.training.sanity.tests.AddMulProductWithDB@4f063c0a]" name="AddProduct" duration-ms="10707" started-at="2020-07-13T22:54:18 IST" data-provider="db-inputs" finished-at="2020-07-13T22:54:28 IST">
          <params>
            <param index="0">
              <value>
                <![CDATA[Samsung]]>
              </value>
            </param>
            <param index="1">
              <value>
                <![CDATA[Samsung]]>
              </value>
            </param>
            <param index="2">
              <value>
                <![CDATA[SKU-003]]>
              </value>
            </param>
            <param index="3">
              <value>
                <![CDATA[20000]]>
              </value>
            </param>
            <param index="4">
              <value>
                <![CDATA[TV]]>
              </value>
            </param>
            <param index="5">
              <value>
                <![CDATA[5]]>
              </value>
            </param>
            <param index="6">
              <value>
                <![CDATA[300]]>
              </value>
            </param>
            <param index="7">
              <value>
                <![CDATA[5]]>
              </value>
            </param>
          </params>
          <reporter-output>
          </reporter-output>
        </test-method> <!-- AddProduct -->
        <test-method status="PASS" signature="tearDown()[pri:0, instance:com.training.sanity.tests.AddMulProductWithDB@4f063c0a]" name="tearDown" is-config="true" duration-ms="1822" started-at="2020-07-13T22:54:28 IST" finished-at="2020-07-13T22:54:30 IST">
          <reporter-output>
          </reporter-output>
        </test-method> <!-- tearDown -->
        <test-method status="PASS" signature="setUp()[pri:0, instance:com.training.sanity.tests.AddMulProductWithDB@4f063c0a]" name="setUp" is-config="true" duration-ms="9478" started-at="2020-07-13T22:54:30 IST" finished-at="2020-07-13T22:54:40 IST">
          <reporter-output>
          </reporter-output>
        </test-method> <!-- setUp -->
        <test-method status="PASS" signature="AddProduct(java.lang.String, java.lang.String, java.lang.String, java.lang.String, java.lang.String, java.lang.String, java.lang.String, java.lang.String)[pri:0, instance:com.training.sanity.tests.AddMulProductWithDB@4f063c0a]" name="AddProduct" duration-ms="10791" started-at="2020-07-13T22:54:40 IST" data-provider="db-inputs" finished-at="2020-07-13T22:54:50 IST">
          <params>
            <param index="0">
              <value>
                <![CDATA[Onida]]>
              </value>
            </param>
            <param index="1">
              <value>
                <![CDATA[Onida]]>
              </value>
            </param>
            <param index="2">
              <value>
                <![CDATA[SKU-003]]>
              </value>
            </param>
            <param index="3">
              <value>
                <![CDATA[18000]]>
              </value>
            </param>
            <param index="4">
              <value>
                <![CDATA[TV]]>
              </value>
            </param>
            <param index="5">
              <value>
                <![CDATA[4]]>
              </value>
            </param>
            <param index="6">
              <value>
                <![CDATA[400]]>
              </value>
            </param>
            <param index="7">
              <value>
                <![CDATA[10]]>
              </value>
            </param>
          </params>
          <reporter-output>
          </reporter-output>
        </test-method> <!-- AddProduct -->
        <test-method status="PASS" signature="tearDown()[pri:0, instance:com.training.sanity.tests.AddMulProductWithDB@4f063c0a]" name="tearDown" is-config="true" duration-ms="1845" started-at="2020-07-13T22:54:50 IST" finished-at="2020-07-13T22:54:52 IST">
          <reporter-output>
          </reporter-output>
        </test-method> <!-- tearDown -->
        <test-method status="PASS" signature="setUp()[pri:0, instance:com.training.sanity.tests.AddMulProductWithDB@4f063c0a]" name="setUp" is-config="true" duration-ms="9505" started-at="2020-07-13T22:54:52 IST" finished-at="2020-07-13T22:55:02 IST">
          <reporter-output>
          </reporter-output>
        </test-method> <!-- setUp -->
        <test-method status="PASS" signature="AddProduct(java.lang.String, java.lang.String, java.lang.String, java.lang.String, java.lang.String, java.lang.String, java.lang.String, java.lang.String)[pri:0, instance:com.training.sanity.tests.AddMulProductWithDB@4f063c0a]" name="AddProduct" duration-ms="11307" started-at="2020-07-13T22:55:02 IST" data-provider="db-inputs" finished-at="2020-07-13T22:55:13 IST">
          <params>
            <param index="0">
              <value>
                <![CDATA[Bat]]>
              </value>
            </param>
            <param index="1">
              <value>
                <![CDATA[Cricket Bat]]>
              </value>
            </param>
            <param index="2">
              <value>
                <![CDATA[SKU-003]]>
              </value>
            </param>
            <param index="3">
              <value>
                <![CDATA[12000]]>
              </value>
            </param>
            <param index="4">
              <value>
                <![CDATA[Sports]]>
              </value>
            </param>
            <param index="5">
              <value>
                <![CDATA[3]]>
              </value>
            </param>
            <param index="6">
              <value>
                <![CDATA[600]]>
              </value>
            </param>
            <param index="7">
              <value>
                <![CDATA[12]]>
              </value>
            </param>
          </params>
          <reporter-output>
          </reporter-output>
        </test-method> <!-- AddProduct -->
        <test-method status="PASS" signature="tearDown()[pri:0, instance:com.training.sanity.tests.AddMulProductWithDB@4f063c0a]" name="tearDown" is-config="true" duration-ms="1851" started-at="2020-07-13T22:55:13 IST" finished-at="2020-07-13T22:55:15 IST">
          <reporter-output>
          </reporter-output>
        </test-method> <!-- tearDown -->
        <test-method status="PASS" signature="setUp()[pri:0, instance:com.training.sanity.tests.AddMulProductWithDB@4f063c0a]" name="setUp" is-config="true" duration-ms="9131" started-at="2020-07-13T22:55:15 IST" finished-at="2020-07-13T22:55:24 IST">
          <reporter-output>
          </reporter-output>
        </test-method> <!-- setUp -->
        <test-method status="PASS" signature="AddProduct(java.lang.String, java.lang.String, java.lang.String, java.lang.String, java.lang.String, java.lang.String, java.lang.String, java.lang.String)[pri:0, instance:com.training.sanity.tests.AddMulProductWithDB@4f063c0a]" name="AddProduct" duration-ms="11258" started-at="2020-07-13T22:55:24 IST" data-provider="db-inputs" finished-at="2020-07-13T22:55:35 IST">
          <params>
            <param index="0">
              <value>
                <![CDATA[Asus]]>
              </value>
            </param>
            <param index="1">
              <value>
                <![CDATA[Asus Zenfone]]>
              </value>
            </param>
            <param index="2">
              <value>
                <![CDATA[SKU-003]]>
              </value>
            </param>
            <param index="3">
              <value>
                <![CDATA[7000]]>
              </value>
            </param>
            <param index="4">
              <value>
                <![CDATA[Electronic]]>
              </value>
            </param>
            <param index="5">
              <value>
                <![CDATA[6]]>
              </value>
            </param>
            <param index="6">
              <value>
                <![CDATA[600]]>
              </value>
            </param>
            <param index="7">
              <value>
                <![CDATA[15]]>
              </value>
            </param>
          </params>
          <reporter-output>
          </reporter-output>
        </test-method> <!-- AddProduct -->
        <test-method status="PASS" signature="tearDown()[pri:0, instance:com.training.sanity.tests.AddMulProductWithDB@4f063c0a]" name="tearDown" is-config="true" duration-ms="1815" started-at="2020-07-13T22:55:35 IST" finished-at="2020-07-13T22:55:37 IST">
          <reporter-output>
          </reporter-output>
        </test-method> <!-- tearDown -->
      </class> <!-- com.training.sanity.tests.AddMulProductWithDB -->
    </test> <!-- Default test -->
  </suite> <!-- Default suite -->
</testng-results>
